Arguments: 
  C:\Program Files\nodejs\node.exe C:\Users\91721\AppData\Roaming\npm\node_modules\yarn\bin\yarn.js add --json @parcel/resolver-default -D -W

PATH: 
  C:\Users\91721\Desktop\Personal Projects\BURP\Frontend\node_modules\.bin;C:\Users\91721\Desktop\Personal Projects\BURP\node_modules\.bin;C:\Users\91721\Desktop\Personal Projects\node_modules\.bin;C:\Users\91721\Desktop\node_modules\.bin;C:\Users\91721\node_modules\.bin;C:\Users\node_modules\.bin;C:\node_modules\.bin;C:\Users\91721\AppData\Roaming\npm\node_modules\npm\node_modules\@npmcli\run-script\lib\node-gyp-bin;C:\Program Files\Common Files\Oracle\Java\javapath;C:\Program Files (x86)\Common Files\Oracle\Java\javapath;C:\WINDOWS;C:\WINDOWS\System32\Wbem;C:\WINDOWS\System32\WindowsPowerShell\v1.0\;C:\WINDOWS\System32\OpenSSH\;C:\Program Files\Java\jdk-18.0.2.1\bin;C:\Windows\System32;C:\Program Files (x86)\MinGW\bin;C:\WINDOWS\system32;C:\ProgramData\chocolatey\bin;C:\Program Files\nodejs\;C:\Program Files\Git\cmd;C:\Program Files\Docker\Docker\resources\bin;C:\Users\91721\AppData\Local\Programs\Python\Python312\Scripts\;C:\Users\91721\AppData\Local\Programs\Python\Python312\;C:\Users\91721\.console-ninja\.bin;C:\Users\91721\AppData\Local\Programs\Python\Python311\Scripts\;C:\Users\91721\AppData\Local\Programs\Python\Python311\;C:\Program Files\MySQL\MySQL Shell 8.0\bin\;C:\Users\91721\AppData\Local\Microsoft\WindowsApps;C:\Users\91721\AppData\Local\Programs\Microsoft VS Code\bin;C:\msys64\mingw64\bin;C:\Program Files\Java\jdk-18.0.2.1\bin;C:\Program Files\Java\jre1.8.0_341\bin;C:\Program Files (x86)\MinGW\bin;C:\Windows\System32;C:\WINDOWS\System32\Wbem;C:\Program Files\JetBrains\IntelliJ IDEA Community Edition 2022.2.3\bin;C:\Users\91721\AppData\Roaming\npm;C:\Users\91721\AppData\Local\GitHubDesktop\bin

Yarn version: 
  1.22.19

Node version: 
  18.18.2

Platform: 
  win32 x64

Trace: 
  Error: EPERM: operation not permitted, unlink 'C:\Users\91721\Desktop\Personal Projects\BURP\Frontend\node_modules\@lmdb\lmdb-win32-x64\node.abi108.node'

npm manifest: 
  {
    "name": "burp",
    "version": "1.0.0",
    "description": "Food Delivery Website inspired by Swiggy",
    "scripts": {
      "start": "parcel index.html",
      "build": "parcel build index.html --dist-dir dist",
      "test": "jest"
    },
    "repository": {
      "type": "git",
      "url": "git+https://github.com/Kunal-Jadhav-1/Burp.git"
    },
    "author": "Kunal Jadhav",
    "license": "ISC",
    "bugs": {
      "url": "https://github.com/Kunal-Jadhav-1/Burp/issues"
    },
    "homepage": "https://github.com/Kunal-Jadhav-1/Burp#readme",
    "devDependencies": {
      "@babel/core": "^7.23.7",
      "@babel/preset-env": "^7.23.8",
      "@testing-library/react": "^14.1.2",
      "babel-jest": "^29.7.0",
      "buffer": "^6.0.3",
      "jest": "^29.7.0",
      "parcel": "^2.13.3",
      "postcss": "^8.4.32",
      "process": "^0.11.10",
      "tailwindcss": "^3.4.0"
    },
    "dependencies": {
      "@reduxjs/toolkit": "^2.0.1",
      "axios": "^1.7.7",
      "caniuse-lite": "^1.0.30001643",
      "react": "^18.2.0",
      "react-dom": "^18.2.0",
      "react-redux": "^9.0.4",
      "react-router-dom": "^6.21.1"
    }
  }

yarn manifest: 
  No manifest

Lockfile: 
  No lockfile
